"../../../Engine/Content/Functions/Engine_MaterialFunctions01/Opacity/CameraDepthFade.uasset" 0
"../../../Engine/Content/EngineMaterials/T_Default_Material_Grid_M.uasset" 1
"../../../Engine/Content/EngineMaterials/T_Default_Material_Grid_N.uasset" 2
"../../../Engine/Content/EngineMaterials/WorldGridMaterial.uasset" 3
"../../../Engine/Content/ArtTools/RenderToTexture/Meshes/S_1_Unit_Plane.uasset" 4
"../../../Engine/Content/EngineMaterials/DefaultMaterial.uasset" 5
"../../../Engine/Content/BasicShapes/Cone.uasset" 6
"../../../Engine/Content/BasicShapes/Cube.uasset" 7
"../../../Engine/Content/BasicShapes/Cylinder.uasset" 8
"../../../Engine/Content/BasicShapes/Plane.uasset" 9
"../../../Engine/Content/BasicShapes/Sphere.uasset" 10
"../../../Engine/Content/EditorLandscapeResources/DataLayer.uasset" 11
"../../../Engine/Content/EditorMaterials/GizmoMaterial.uasset" 12
"../../../Engine/Content/EditorMaterials/MAT_Groups_Toggle.uasset" 13
"../../../Engine/Content/EditorMaterials/MAT_Groups_Visibility.uasset" 14
"../../../Engine/Content/EditorMaterials/PreviewShadowIndicator.uasset" 15
"../../../Engine/Content/EditorMaterials/PreviewShadowIndicatorMaterial.uasset" 16
"../../../Engine/Content/EditorMaterials/MatineeGroups/MAT_ColorTrack.uasset" 17
"../../../Engine/Content/EditorMaterials/MatineeGroups/MAT_Groups_Anim.uasset" 18
"../../../Engine/Content/EditorMaterials/MatineeGroups/MAT_Groups_AudioMaster.uasset" 19
"../../../Engine/Content/EditorMaterials/MatineeGroups/MAT_Groups_Director.uasset" 20
"../../../Engine/Content/EditorMaterials/MatineeGroups/MAT_Groups_Event.uasset" 21
"../../../Engine/Content/EditorMaterials/MatineeGroups/MAT_Groups_Fade.uasset" 22
"../../../Engine/Content/EditorMaterials/MatineeGroups/MAT_Groups_Float.uasset" 23
"../../../Engine/Content/EditorMaterials/MatineeGroups/MAT_Groups_Move.uasset" 24
"../../../Engine/Content/EditorMaterials/MatineeGroups/MAT_Groups_Slomo.uasset" 25
"../../../Engine/Content/EditorMaterials/MatineeGroups/MAT_Groups_Sound.uasset" 26
"../../../Engine/Content/EditorMaterials/MatineeGroups/MAT_Groups_Vector.uasset" 27
"../../../Engine/Content/EditorMaterials/ParticleSystems/PSysThumbnail_NoImage.uasset" 28
"../../../Engine/Content/EditorMaterials/ParticleSystems/PSysThumbnail_OOD.uasset" 29
"../../../Engine/Content/EditorMaterials/Camera/CineMat.uasset" 30
"../../../Engine/Content/EditorMaterials/Camera/MI_CineMat_Rig.uasset" 31
"../../../Engine/Content/EditorMeshes/Camera/SM_CraneRig_Arm.uasset" 32
"../../../Engine/Content/EditorMeshes/Camera/SM_CraneRig_Base.uasset" 33
"../../../Engine/Content/EditorMeshes/Camera/SM_CraneRig_Body.uasset" 34
"../../../Engine/Content/EditorMeshes/Camera/SM_CraneRig_Mount.uasset" 35
"../../../Engine/Content/EditorMeshes/Camera/SM_RailRig_Mount.uasset" 36
"../../../Engine/Content/EditorMeshes/Camera/SM_RailRig_Track.uasset" 37
"../../../Engine/Content/EditorResources/BSPVertex.uasset" 38
"../../../Engine/Content/EditorResources/EmptyActor.uasset" 39
"../../../Engine/Content/EditorResources/S_Actor.uasset" 40
"../../../Engine/Content/EditorResources/S_Trigger.uasset" 41
"../../../Engine/Content/EditorResources/LightIcons/S_LightError.uasset" 42
"../../../Engine/Content/EditorResources/SequenceRecorder/Countdown.uasset" 43
"../../../Engine/Content/EditorResources/SequenceRecorder/RecordingIndicator.uasset" 44
"../../../Engine/Content/EditorSounds/Notifications/CompileFailed.uasset" 45
"../../../Engine/Content/EditorSounds/Notifications/CompileFailed_Cue.uasset" 46
"../../../Engine/Content/EditorSounds/Notifications/CompileSuccess.uasset" 47
"../../../Engine/Content/EditorSounds/Notifications/CompileStart_Cue.uasset" 48
"../../../Engine/Content/EditorSounds/Notifications/CompileSuccess_Cue.uasset" 49
"../../../Engine/Content/EngineDamageTypes/DmgTypeBP_Environmental.uasset" 50
"../../../Engine/Content/EngineDebugMaterials/HeatmapGradient.uasset" 51
"../../../Engine/Content/EngineDebugMaterials/BoneWeightMaterial.uasset" 52
"../../../Engine/Content/EngineDebugMaterials/ClothMaterial.uasset" 53
"../../../Engine/Content/EngineDebugMaterials/ClothMaterial_WF.uasset" 54
"../../../Engine/Content/EngineDebugMaterials/DebugEditorMaterial.uasset" 55
"../../../Engine/Content/EngineDebugMaterials/DebugMeshMaterial.uasset" 56
"../../../Engine/Content/EngineDebugMaterials/GeomMaterial.uasset" 57
"../../../Engine/Content/EngineDebugMaterials/M_SimpleTranslucent.uasset" 58
"../../../Engine/Content/EngineFonts/Faces/RobotoBold.uasset" 59
"../../../Engine/Content/EngineFonts/Faces/RobotoBoldItalic.uasset" 60
"../../../Engine/Content/EngineFonts/Faces/RobotoItalic.uasset" 61
"../../../Engine/Content/EngineFonts/Faces/RobotoLight.uasset" 62
"../../../Engine/Content/EngineFonts/Faces/RobotoRegular.uasset" 63
"../../../Engine/Content/EngineFonts/Roboto.uasset" 64
"../../../Engine/Content/EngineFonts/Faces/RobotoTiny.uasset" 65
"../../../Engine/Content/EngineFonts/RobotoTiny.uasset" 66
"../../../Engine/Content/EngineMaterials/BaseFlattenDiffuseMap.uasset" 67
"../../../Engine/Content/EngineMaterials/BaseFlattenEmissiveMap.uasset" 68
"../../../Engine/Content/EngineMaterials/BaseFlattenGrayscaleMap.uasset" 69
"../../../Engine/Content/EngineMaterials/BaseFlattenNormalMap.uasset" 70
"../../../Engine/Content/EngineMaterials/BaseFlattenMaterial.uasset" 71
"../../../Engine/Content/EngineMaterials/DefaultBloomKernel.uasset" 72
"../../../Engine/Content/EngineMaterials/DefaultBokeh.uasset" 73
"../../../Engine/Content/EngineMaterials/DefaultDiffuse.uasset" 74
"../../../Engine/Content/EngineMaterials/DefaultDeferredDecalMaterial.uasset" 75
"../../../Engine/Content/EngineMaterials/DefaultLightFunctionMaterial.uasset" 76
"../../../Engine/Content/EngineMaterials/DefaultPhysicalMaterial.uasset" 77
"../../../Engine/Content/Functions/Engine_MaterialFunctions02/Utility/BreakOutFloat2Components.uasset" 78
"../../../Engine/Content/EngineMaterials/DefaultPostProcessMaterial.uasset" 79
"../../../Engine/Content/EngineFonts/RobotoDistanceField.uasset" 80
"../../../Engine/Content/EngineMaterials/DefaultTextMaterialOpaque.uasset" 81
"../../../Engine/Content/EngineMaterials/DefaultWhiteGrid.uasset" 82
"../../../Engine/Content/EngineMaterials/EditorBrushMaterial.uasset" 83
"../../../Engine/Content/EngineMaterials/Good64x64TilingNoiseHighFreq.uasset" 84
"../../../Engine/Content/EngineMaterials/MiniFont.uasset" 85
"../../../Engine/Content/EngineMaterials/InvalidLightmapSettings.uasset" 86
"../../../Engine/Content/EngineMaterials/M_InvalidLightmapSettings.uasset" 87
"../../../Engine/Content/Functions/Engine_MaterialFunctions02/WorldPositionOffset/CameraOffset.uasset" 88
"../../../Engine/Content/EngineMaterials/PhAT_JointLimitMaterial.uasset" 89
"../../../Engine/Content/EngineMaterials/PreintegratedSkinBRDF.uasset" 90
"../../../Engine/Content/EngineMaterials/RemoveSurfaceMaterial.uasset" 91
"../../../Engine/Content/EngineMaterials/WeightMapPlaceholderTexture.uasset" 92
"../../../Engine/Content/EngineResources/WhiteSquareTexture.uasset" 93
"../../../Engine/Content/EngineMaterials/Widget3DPassThrough.uasset" 94
"../../../Engine/Content/EngineMaterials/Widget3DPassThrough_Masked.uasset" 95
"../../../Engine/Content/EngineMaterials/Widget3DPassThrough_Opaque.uasset" 96
"../../../Engine/Content/EngineMaterials/Widget3DPassThrough_Masked_OneSided.uasset" 97
"../../../Engine/Content/EngineMaterials/Widget3DPassThrough_Opaque_OneSided.uasset" 98
"../../../Engine/Content/EngineMaterials/Widget3DPassThrough_Translucent.uasset" 99
"../../../Engine/Content/EngineMaterials/Widget3DPassThrough_Translucent_OneSided.uasset" 100
"../../../Engine/Content/EngineMeshes/Cylinder.uasset" 101
"../../../Engine/Content/EngineMeshes/Sphere.uasset" 102
"../../../Engine/Content/EngineResources/Black.uasset" 103
"../../../Engine/Content/EngineResources/DefaultTexture.uasset" 104
"../../../Engine/Content/EngineResources/DefaultTextureCube.uasset" 105
"../../../Engine/Content/EngineResources/DefaultVolumeTexture2D.uasset" 106
"../../../Engine/Content/EngineResources/DefaultVolumeTexture.uasset" 107
"../../../Engine/Content/EngineResources/GradientTexture0.uasset" 108
"../../../Engine/Content/EngineSounds/Master.uasset" 109
"../../../Engine/Content/Functions/Engine_MaterialFunctions01/Shading/ConvertFromDiffSpec.uasset" 110
"../../../Engine/Content/Functions/Engine_MaterialFunctions01/Shading/PowerToRoughness.uasset" 111
"../../../Engine/Content/Maps/Templates/Thumbnails/Default.uasset" 112
"../../../Engine/Content/Maps/Templates/Thumbnails/VR-Basic.uasset" 113
"../../../Engine/Content/MobileResources/T_MobileControls_texture.uasset" 114
"../../../Engine/Content/MobileResources/T_MobileMenu2.uasset" 115
"../../../Engine/Content/MobileResources/HUD/AnalogHat.uasset" 116
"../../../Engine/Content/MobileResources/HUD/VirtualJoystick_Background.uasset" 117
"../../../Engine/Content/MobileResources/HUD/VirtualJoystick_Thumb.uasset" 118
"../../../Engine/Content/MobileResources/HUD/DefaultVirtualJoysticks.uasset" 119
"../../../Engine/Content/MobileResources/HUD/LeftVirtualJoystickOnly.uasset" 120
"../../../Engine/Content/MobileResources/HUD/MobileHUDButton1_off.uasset" 121
"../../../Engine/Content/MobileResources/HUD/MobileHUDButton1_on.uasset" 122
"../../../Engine/Content/MobileResources/HUD/MobileHUDButton2_off.uasset" 123
"../../../Engine/Content/MobileResources/HUD/MobileHUDButton2_on.uasset" 124
"../../../Engine/Content/MobileResources/HUD/MobileHUDButton3.uasset" 125
"../../../Engine/Content/MobileResources/HUD/MobileHUDButtonFire.uasset" 126
"../../../Engine/Content/MobileResources/HUD/MobileHUDDirectionPad.uasset" 127
"../../../Engine/Content/MobileResources/HUD/MobileHUDDirectionPad2.uasset" 128
"../../../Engine/Content/MobileResources/HUD/MobileHUDDirectionPad3.uasset" 129
"../../../Engine/Content/MobileResources/HUD/MobileHUDDirectionStick.uasset" 130
"../../../Engine/Content/MobileResources/HUD/T_Castle_ThumbstickInner.uasset" 131
"../../../Engine/Content/MobileResources/HUD/T_Castle_ThumbstickOutter.uasset" 132
"../../../Engine/Content/Tutorial/ContentIntroCurve.uasset" 133
"../../../Engine/Content/VREditor/LaserPointer/VR_LaserPower_01.uasset" 134
"../../../Engine/Content/VREditor/TransformGizmo/TransformGizmoMaterial.uasset" 135
"../../../Engine/Content/VREditor/TransformGizmo/TranslucentTransformGizmoMaterial.uasset" 136
"../../../Engine/Content/VREditor/TransformGizmo/BoundingBoxCorner.uasset" 137
"../../../Engine/Content/VREditor/TransformGizmo/BoundingBoxEdge.uasset" 138
"../../../Engine/Content/VREditor/TransformGizmo/PlaneTranslationHandle.uasset" 139
"../../../Engine/Content/VREditor/TransformGizmo/Main.uasset" 140
"../../../Engine/Content/VREditor/TransformGizmo/Xray.uasset" 141
"../../../Engine/Content/VREditor/TransformGizmo/SM_Sequencer_Key.uasset" 142
"../../../Engine/Content/VREditor/TransformGizmo/SM_Sequencer_Node.uasset" 143
"../../Plugins/2D/Paper2D/Content/PlaceholderTextures/DummySpriteTexture.uasset" 144
"../../Plugins/2D/Paper2D/Content/DummySprite.uasset" 145
"../../Plugins/2D/Paper2D/Content/DefaultPaperTerrainMaterial.uasset" 146
"../../Plugins/2D/Paper2D/Content/DefaultSpriteMaterial.uasset" 147
"../../Plugins/2D/Paper2D/Content/MaskedUnlitSpriteMaterial.uasset" 148
"../../Plugins/2D/Paper2D/Content/OpaqueUnlitSpriteMaterial.uasset" 149
"../../Plugins/Runtime/Oculus/OculusVR/Content/Materials/PokeAHoleMaterial.uasset" 150
"../../Plugins/Runtime/Oculus/OculusVR/Content/Textures/GearVRController_AO.uasset" 151
"../../Plugins/Runtime/Oculus/OculusVR/Content/Textures/GearVRController_Color.uasset" 152
"../../Plugins/Runtime/Oculus/OculusVR/Content/Textures/GearVRController_Normal.uasset" 153
"../../Plugins/Runtime/Oculus/OculusVR/Content/Materials/GearVRControllerMaterial.uasset" 154
"../../Plugins/Runtime/Oculus/OculusVR/Content/Meshes/GearVrController.uasset" 155
"../../Plugins/Runtime/Oculus/OculusVR/Content/Textures/touchController_albedo.uasset" 156
"../../Plugins/Runtime/Oculus/OculusVR/Content/Textures/touchController_controlmap.uasset" 157
"../../Plugins/Runtime/Oculus/OculusVR/Content/Materials/touchController_mat.uasset" 158
"../../Plugins/Runtime/Oculus/OculusVR/Content/Meshes/LeftTouchController.uasset" 159
"../../Plugins/Runtime/Oculus/OculusVR/Content/Meshes/RiftHMD.uasset" 160
"../../Plugins/Runtime/Oculus/OculusVR/Content/Meshes/RightTouchController.uasset" 161
"../../../../../pg/CocoBandicoot/Content/UI/Help.uasset" 162
"../../../../../pg/CocoBandicoot/Content/UI/MainMenu.uasset" 163
"../../../../../pg/CocoBandicoot/Content/ThirdPersonBP/Maps/MainMenu.umap" 164
"../../../../../pg/CocoBandicoot/Content/Geometry/CocoModel/Idle_Skeleton.uasset" 165
"../../../../../pg/CocoBandicoot/Content/Geometry/CocoModel/Idle_Anim.uasset" 166
"../../../../../pg/CocoBandicoot/Content/Geometry/CocoModel/Running.uasset" 167
"../../../../../pg/CocoBandicoot/Content/Geometry/CocoModel/Standing_Jump.uasset" 168
"../../../../../pg/CocoBandicoot/Content/Geometry/CocoModel/cocoJump.uasset" 169
"../../../../../pg/CocoBandicoot/Content/Geometry/CocoModel/cocoRun.uasset" 170
"../../../Engine/Content/EditorBlueprintResources/StandardMacros.uasset" 171
"../../../../../pg/CocoBandicoot/Content/Geometry/CocoModel/cocoAnimations.uasset" 172
"../../../../../pg/CocoBandicoot/Content/Geometry/CocoModel/Material.uasset" 173
"../../../../../pg/CocoBandicoot/Content/Geometry/CocoModel/Material_001.uasset" 174
"../../../../../pg/CocoBandicoot/Content/Geometry/CocoModel/Material_002.uasset" 175
"../../../../../pg/CocoBandicoot/Content/Geometry/CocoModel/Material_003.uasset" 176
"../../../../../pg/CocoBandicoot/Content/Geometry/CocoModel/texture.uasset" 177
"../../../../../pg/CocoBandicoot/Content/Geometry/CocoModel/Material_004.uasset" 178
"../../../../../pg/CocoBandicoot/Content/Geometry/CocoModel/faceTexture.uasset" 179
"../../../../../pg/CocoBandicoot/Content/Geometry/CocoModel/Material_005.uasset" 180
"../../../../../pg/CocoBandicoot/Content/Geometry/CocoModel/Material_006.uasset" 181
"../../../../../pg/CocoBandicoot/Content/Geometry/CocoModel/Material_007.uasset" 182
"../../../../../pg/CocoBandicoot/Content/Geometry/CocoModel/Material_008.uasset" 183
"../../../../../pg/CocoBandicoot/Content/Geometry/CocoModel/Material_009.uasset" 184
"../../../../../pg/CocoBandicoot/Content/Geometry/CocoModel/Material_010.uasset" 185
"../../../../../pg/CocoBandicoot/Content/Geometry/CocoModel/Material_011.uasset" 186
"../../../../../pg/CocoBandicoot/Content/Geometry/CocoModel/Idle_PhysicsAsset.uasset" 187
"../../../../../pg/CocoBandicoot/Content/Geometry/CocoModel/Idle.uasset" 188
"../../../../../pg/CocoBandicoot/Content/UI/PauseMenu.uasset" 189
"../../../../../pg/CocoBandicoot/Content/ThirdPersonBP/Blueprints/ThirdPersonCharacter.uasset" 190
"../../../Engine/Content/EngineSky/C_Sky_Cloud_Color.uasset" 191
"../../../Engine/Content/EngineSky/C_Sky_Horizon_Color.uasset" 192
"../../../Engine/Content/EngineSky/C_Sky_Zenith_Color.uasset" 193
"../../../Engine/Content/EngineSky/T_Sky_Blue.uasset" 194
"../../../Engine/Content/EngineSky/T_Sky_Clouds_M.uasset" 195
"../../../Engine/Content/EngineSky/T_Sky_Stars.uasset" 196
"../../../Engine/Content/EngineSky/M_Sky_Panning_Clouds2.uasset" 197
"../../../Engine/Content/EngineSky/SM_SkySphere.uasset" 198
"../../../Engine/Content/EngineSky/BP_Sky_Sphere.uasset" 199
"../../../../../pg/CocoBandicoot/Content/Geometry/Meshes/fallingPlatform.uasset" 200
"../../../../../pg/CocoBandicoot/Content/Geometry/Meshes/fallingPlatform_Blueprint.uasset" 201
"../../../../../pg/CocoBandicoot/Content/Geometry/Meshes/platform.uasset" 202
"../../../../../pg/CocoBandicoot/Content/Geometry/Meshes/platform_Blueprint.uasset" 203
"../../../../../pg/CocoBandicoot/Content/ThirdPersonBP/Maps/World_BuiltData.uasset" 204
"../../../../../pg/CocoBandicoot/Content/StarterContent/Textures/T_Concrete_Poured_D.uasset" 205
"../../../../../pg/CocoBandicoot/Content/StarterContent/Textures/T_Concrete_Poured_N.uasset" 206
"../../../../../pg/CocoBandicoot/Content/StarterContent/Textures/T_MacroVariation.uasset" 207
"../../../../../pg/CocoBandicoot/Content/StarterContent/Textures/T_Perlin_Noise_M.uasset" 208
"../../../../../pg/CocoBandicoot/Content/StarterContent/Materials/M_Concrete_Poured.uasset" 209
"../../../../../pg/CocoBandicoot/Content/StarterContent/Materials/M_Metal_Brushed_Nickel.uasset" 210
"../../../Engine/Content/Functions/Engine_MaterialFunctions02/Utility/BlendAngleCorrectedNormals.uasset" 211
"../../../../../pg/CocoBandicoot/Content/StarterContent/Textures/T_Tech_Hex_Tile_M.uasset" 212
"../../../../../pg/CocoBandicoot/Content/StarterContent/Textures/T_Tech_Hex_Tile_N.uasset" 213
"../../../../../pg/CocoBandicoot/Content/StarterContent/Materials/M_Tech_Hex_Tile.uasset" 214
"../../../../../pg/CocoBandicoot/Content/StarterContent/Materials/wall.uasset" 215
"../../../../../pg/CocoBandicoot/Content/StarterContent/Materials/wall2.uasset" 216
"../../../Engine/Content/Functions/Engine_MaterialFunctions02/Texturing/CustomRotator.uasset" 217
"../../../../../pg/CocoBandicoot/Content/UrbanMaterialPack/Textures/t_asphalt_01_D.uasset" 218
"../../../../../pg/CocoBandicoot/Content/UrbanMaterialPack/Textures/t_asphalt_01_N.uasset" 219
"../../../../../pg/CocoBandicoot/Content/UrbanMaterialPack/Textures/t_asphalt_01_RAOH.uasset" 220
"../../../../../pg/CocoBandicoot/Content/UrbanMaterialPack/Materials/Master/M_basic_master.uasset" 221
"../../../../../pg/CocoBandicoot/Content/UrbanMaterialPack/Textures/t_bricks_02_D.uasset" 222
"../../../../../pg/CocoBandicoot/Content/UrbanMaterialPack/Textures/t_bricks_02_N.uasset" 223
"../../../../../pg/CocoBandicoot/Content/UrbanMaterialPack/Textures/t_bricks_02_RAOH.uasset" 224
"../../../../../pg/CocoBandicoot/Content/UrbanMaterialPack/Materials/Instances/Basic_Instances/M_bricks_02_inst.uasset" 225
"../../../../../pg/CocoBandicoot/Content/UrbanMaterialPack/Textures/t_wood_02_D.uasset" 226
"../../../../../pg/CocoBandicoot/Content/UrbanMaterialPack/Textures/t_wood_02_N.uasset" 227
"../../../../../pg/CocoBandicoot/Content/UrbanMaterialPack/Textures/t_wood_02_RAOH.uasset" 228
"../../../../../pg/CocoBandicoot/Content/UrbanMaterialPack/Materials/Instances/Basic_Instances/t_wood_02_inst.uasset" 229
"../../../../../pg/CocoBandicoot/Content/UrbanMaterialPack/Textures/t_wood_03_D.uasset" 230
"../../../../../pg/CocoBandicoot/Content/UrbanMaterialPack/Textures/t_wood_03_N.uasset" 231
"../../../../../pg/CocoBandicoot/Content/UrbanMaterialPack/Textures/t_wood_03_RAOH.uasset" 232
"../../../../../pg/CocoBandicoot/Content/UrbanMaterialPack/Materials/Instances/Basic_Instances/t_wood_03_inst.uasset" 233
"../../../../../pg/CocoBandicoot/Content/UrbanMaterialPack/Textures/t_wood_floor_03_D.uasset" 234
"../../../../../pg/CocoBandicoot/Content/UrbanMaterialPack/Textures/t_wood_floor_03_N.uasset" 235
"../../../../../pg/CocoBandicoot/Content/UrbanMaterialPack/Textures/t_wood_floor_03_RAOH.uasset" 236
"../../../../../pg/CocoBandicoot/Content/UrbanMaterialPack/Materials/Instances/Basic_Instances/t_wood_floor_02_inst.uasset" 237
"../../../../../pg/CocoBandicoot/Content/UrbanMaterialPack/Textures/t_wood_floor_02_D.uasset" 238
"../../../../../pg/CocoBandicoot/Content/UrbanMaterialPack/Textures/t_wood_floor_02_N.uasset" 239
"../../../../../pg/CocoBandicoot/Content/UrbanMaterialPack/Textures/t_wood_floor_02_RAOH.uasset" 240
"../../../../../pg/CocoBandicoot/Content/UrbanMaterialPack/Materials/Instances/Basic_Instances/t_wood_floor_03_inst.uasset" 241
"../../../../../pg/CocoBandicoot/Content/ThirdPersonBP/Maps/World.umap" 242
"../../../Engine/Content/Maps/Entry_BuiltData.uasset" 243
"../../../Engine/Content/Maps/Entry.umap" 244
